
> react-kavia@0.1.0 start
> react-scripts start

(node:2166) [DEP_WEBPACK_DEV_SERVER_ON_AFTER_SETUP_MIDDLEWARE] DeprecationWarning: 'onAfterSetupMiddleware' option is deprecated. Please use the 'setupMiddlewares' option.
(Use `node --trace-deprecation ...` to show where the warning was created)
(node:2166) [DEP_WEBPACK_DEV_SERVER_ON_BEFORE_SETUP_MIDDLEWARE] DeprecationWarning: 'onBeforeSetupMiddleware' option is deprecated. Please use the 'setupMiddlewares' option.
Starting the development server...

Compiled with warnings.

[eslint] 
src/components/MemoryGame/MemoryGame.js
  Line 46:6:  React Hook useEffect has a missing dependency: 'createConfetti'. Either include it or remove the dependency array  react-hooks/exhaustive-deps

Search for the keywords to learn more about each warning.
To ignore, add // eslint-disable-next-line to the line before.

WARNING in [eslint] 
src/components/MemoryGame/MemoryGame.js
  Line 46:6:  React Hook useEffect has a missing dependency: 'createConfetti'. Either include it or remove the dependency array  react-hooks/exhaustive-deps

webpack compiled with 1 warning
Compiling...
Failed to compile.

[eslint] 
src/utils/gameUtils.js
  Line 28:18:  'emojiSet' is not defined  no-undef

Search for the keywords to learn more about each error.
WARNING in [eslint] 
src/components/MemoryGame/MemoryGame.js
  Line 46:6:  React Hook useEffect has a missing dependency: 'createConfetti'. Either include it or remove the dependency array  react-hooks/exhaustive-deps

src/utils/gameUtils.js
  Line 1:10:  'getAnimalSet' is defined but never used  no-unused-vars

ERROR in [eslint] 
src/utils/gameUtils.js
  Line 28:18:  'emojiSet' is not defined  no-undef

Search for the keywords to learn more about each error.

webpack compiled with 1 error and 1 warning
Compiling...
Failed to compile.

[eslint] 
src/utils/gameUtils.js
  Line 28:18:  'emojiSet' is not defined  no-undef

Search for the keywords to learn more about each error.
WARNING in [eslint] 
src/components/MemoryGame/MemoryGame.js
  Line 46:6:  React Hook useEffect has a missing dependency: 'createConfetti'. Either include it or remove the dependency array  react-hooks/exhaustive-deps

src/utils/gameUtils.js
  Line 1:10:  'getAnimalSet' is defined but never used  no-unused-vars

ERROR in [eslint] 
src/utils/gameUtils.js
  Line 28:18:  'emojiSet' is not defined  no-undef

Search for the keywords to learn more about each error.

webpack compiled with 1 error and 1 warning
Compiling...
Failed to compile.

[eslint] 
src/utils/gameUtils.js
  Line 28:18:  'emojiSet' is not defined  no-undef

Search for the keywords to learn more about each error.
WARNING in [eslint] 
src/components/MemoryGame/MemoryGame.js
  Line 46:6:  React Hook useEffect has a missing dependency: 'createConfetti'. Either include it or remove the dependency array  react-hooks/exhaustive-deps

src/utils/gameUtils.js
  Line 1:10:  'getAnimalSet' is defined but never used  no-unused-vars

ERROR in [eslint] 
src/utils/gameUtils.js
  Line 28:18:  'emojiSet' is not defined  no-undef

Search for the keywords to learn more about each error.

webpack compiled with 1 error and 1 warning
Compiling...
Failed to compile.

[eslint] 
src/utils/gameUtils.js
  Line 28:18:  'emojiSet' is not defined  no-undef

Search for the keywords to learn more about each error.
WARNING in [eslint] 
src/components/MemoryGame/MemoryGame.js
  Line 46:6:  React Hook useEffect has a missing dependency: 'createConfetti'. Either include it or remove the dependency array  react-hooks/exhaustive-deps

src/utils/gameUtils.js
  Line 1:10:  'getAnimalSet' is defined but never used  no-unused-vars

ERROR in [eslint] 
src/utils/gameUtils.js
  Line 28:18:  'emojiSet' is not defined  no-undef

Search for the keywords to learn more about each error.

webpack compiled with 1 error and 1 warning
Compiling...
Failed to compile.

[eslint] 
src/utils/gameUtils.js
  Line 28:18:  'emojiSet' is not defined  no-undef

Search for the keywords to learn more about each error.
WARNING in [eslint] 
src/components/MemoryGame/MemoryGame.js
  Line 46:6:  React Hook useEffect has a missing dependency: 'createConfetti'. Either include it or remove the dependency array  react-hooks/exhaustive-deps

src/utils/gameUtils.js
  Line 1:10:  'getAnimalSet' is defined but never used  no-unused-vars

ERROR in [eslint] 
src/utils/gameUtils.js
  Line 28:18:  'emojiSet' is not defined  no-undef

Search for the keywords to learn more about each error.

webpack compiled with 1 error and 1 warning
Compiling...
Failed to compile.

[eslint] 
src/utils/gameUtils.js
  Line 28:18:  'emojiSet' is not defined  no-undef

Search for the keywords to learn more about each error.
WARNING in [eslint] 
src/components/MemoryGame/MemoryGame.js
  Line 46:6:  React Hook useEffect has a missing dependency: 'createConfetti'. Either include it or remove the dependency array  react-hooks/exhaustive-deps

src/utils/gameUtils.js
  Line 1:10:  'getAnimalSet' is defined but never used  no-unused-vars

ERROR in [eslint] 
src/utils/gameUtils.js
  Line 28:18:  'emojiSet' is not defined  no-undef

Search for the keywords to learn more about each error.

webpack compiled with 1 error and 1 warning
Compiling...
Failed to compile.

[eslint] 
src/utils/gameUtils.js
  Line 28:18:  'emojiSet' is not defined  no-undef

Search for the keywords to learn more about each error.
WARNING in [eslint] 
src/components/MemoryGame/MemoryGame.js
  Line 4:8:    'AnimalInfoModal' is defined but never used                                                                        no-unused-vars
  Line 31:10:  'isAnimalModalOpen' is assigned a value but never used                                                             no-unused-vars
  Line 31:29:  'setIsAnimalModalOpen' is assigned a value but never used                                                          no-unused-vars
  Line 32:10:  'currentAnimalForModal' is assigned a value but never used                                                         no-unused-vars
  Line 32:33:  'setCurrentAnimalForModal' is assigned a value but never used                                                      no-unused-vars
  Line 50:6:   React Hook useEffect has a missing dependency: 'createConfetti'. Either include it or remove the dependency array  react-hooks/exhaustive-deps

src/utils/gameUtils.js
  Line 1:10:  'getAnimalSet' is defined but never used  no-unused-vars

ERROR in [eslint] 
src/utils/gameUtils.js
  Line 28:18:  'emojiSet' is not defined  no-undef

Search for the keywords to learn more about each error.

webpack compiled with 1 error and 1 warning
Compiling...
Failed to compile.

[eslint] 
src/utils/gameUtils.js
  Line 28:18:  'emojiSet' is not defined  no-undef

Search for the keywords to learn more about each error.
WARNING in [eslint] 
src/components/MemoryGame/MemoryGame.js
  Line 4:8:    'AnimalInfoModal' is defined but never used                                                                        no-unused-vars
  Line 31:10:  'isAnimalModalOpen' is assigned a value but never used                                                             no-unused-vars
  Line 31:29:  'setIsAnimalModalOpen' is assigned a value but never used                                                          no-unused-vars
  Line 32:10:  'currentAnimalForModal' is assigned a value but never used                                                         no-unused-vars
  Line 32:33:  'setCurrentAnimalForModal' is assigned a value but never used                                                      no-unused-vars
  Line 50:6:   React Hook useEffect has a missing dependency: 'createConfetti'. Either include it or remove the dependency array  react-hooks/exhaustive-deps

src/utils/gameUtils.js
  Line 1:10:  'getAnimalSet' is defined but never used  no-unused-vars

ERROR in [eslint] 
src/utils/gameUtils.js
  Line 28:18:  'emojiSet' is not defined  no-undef

Search for the keywords to learn more about each error.

webpack compiled with 1 error and 1 warning
Compiling...
Failed to compile.

[eslint] 
src/utils/gameUtils.js
  Line 28:18:  'emojiSet' is not defined  no-undef

Search for the keywords to learn more about each error.
WARNING in [eslint] 
src/components/MemoryGame/MemoryGame.js
  Line 4:8:    'AnimalInfoModal' is defined but never used                                                                        no-unused-vars
  Line 32:10:  'currentAnimalForModal' is assigned a value but never used                                                         no-unused-vars
  Line 50:6:   React Hook useEffect has a missing dependency: 'createConfetti'. Either include it or remove the dependency array  react-hooks/exhaustive-deps
  Line 159:9:  'handleCloseAnimalModal' is assigned a value but never used                                                        no-unused-vars

src/utils/gameUtils.js
  Line 1:10:  'getAnimalSet' is defined but never used  no-unused-vars

ERROR in [eslint] 
src/utils/gameUtils.js
  Line 28:18:  'emojiSet' is not defined  no-undef

Search for the keywords to learn more about each error.

webpack compiled with 1 error and 1 warning
Compiling...
Failed to compile.

[eslint] 
src/utils/gameUtils.js
  Line 28:18:  'emojiSet' is not defined  no-undef

Search for the keywords to learn more about each error.
WARNING in [eslint] 
src/components/MemoryGame/MemoryGame.js
  Line 4:8:    'AnimalInfoModal' is defined but never used                                                                        no-unused-vars
  Line 32:10:  'currentAnimalForModal' is assigned a value but never used                                                         no-unused-vars
  Line 50:6:   React Hook useEffect has a missing dependency: 'createConfetti'. Either include it or remove the dependency array  react-hooks/exhaustive-deps
  Line 159:9:  'handleCloseAnimalModal' is assigned a value but never used                                                        no-unused-vars

src/utils/gameUtils.js
  Line 1:10:  'getAnimalSet' is defined but never used  no-unused-vars

ERROR in [eslint] 
src/utils/gameUtils.js
  Line 28:18:  'emojiSet' is not defined  no-undef

Search for the keywords to learn more about each error.

webpack compiled with 1 error and 1 warning
Compiling...
Failed to compile.

[eslint] 
src/utils/gameUtils.js
  Line 28:18:  'emojiSet' is not defined  no-undef

Search for the keywords to learn more about each error.
WARNING in [eslint] 
src/components/MemoryGame/MemoryGame.js
  Line 4:8:    'AnimalInfoModal' is defined but never used                                                                        no-unused-vars
  Line 32:10:  'currentAnimalForModal' is assigned a value but never used                                                         no-unused-vars
  Line 50:6:   React Hook useEffect has a missing dependency: 'createConfetti'. Either include it or remove the dependency array  react-hooks/exhaustive-deps
  Line 159:9:  'handleCloseAnimalModal' is assigned a value but never used                                                        no-unused-vars

src/utils/gameUtils.js
  Line 1:10:  'getAnimalSet' is defined but never used  no-unused-vars

ERROR in [eslint] 
src/utils/gameUtils.js
  Line 28:18:  'emojiSet' is not defined  no-undef

Search for the keywords to learn more about each error.

webpack compiled with 1 error and 1 warning
Compiling...
Failed to compile.

[eslint] 
src/utils/gameUtils.js
  Line 28:18:  'emojiSet' is not defined  no-undef

Search for the keywords to learn more about each error.
WARNING in [eslint] 
src/components/MemoryGame/MemoryGame.js
  Line 4:8:    'AnimalInfoModal' is defined but never used                                                                        no-unused-vars
  Line 32:10:  'currentAnimalForModal' is assigned a value but never used                                                         no-unused-vars
  Line 50:6:   React Hook useEffect has a missing dependency: 'createConfetti'. Either include it or remove the dependency array  react-hooks/exhaustive-deps
  Line 159:9:  'handleCloseAnimalModal' is assigned a value but never used                                                        no-unused-vars

src/utils/gameUtils.js
  Line 1:10:  'getAnimalSet' is defined but never used  no-unused-vars

ERROR in [eslint] 
src/utils/gameUtils.js
  Line 28:18:  'emojiSet' is not defined  no-undef

Search for the keywords to learn more about each error.

webpack compiled with 1 error and 1 warning
Compiling...
Failed to compile.

[eslint] 
src/utils/gameUtils.js
  Line 28:18:  'emojiSet' is not defined  no-undef

Search for the keywords to learn more about each error.
WARNING in [eslint] 
src/components/MemoryGame/MemoryGame.js
  Line 4:8:    'AnimalInfoModal' is defined but never used                                                                        no-unused-vars
  Line 32:10:  'currentAnimalForModal' is assigned a value but never used                                                         no-unused-vars
  Line 50:6:   React Hook useEffect has a missing dependency: 'createConfetti'. Either include it or remove the dependency array  react-hooks/exhaustive-deps
  Line 159:9:  'handleCloseAnimalModal' is assigned a value but never used                                                        no-unused-vars

src/utils/gameUtils.js
  Line 1:10:  'getAnimalSet' is defined but never used  no-unused-vars

ERROR in [eslint] 
src/utils/gameUtils.js
  Line 28:18:  'emojiSet' is not defined  no-undef

Search for the keywords to learn more about each error.

webpack compiled with 1 error and 1 warning
Compiling...
Failed to compile.

[eslint] 
src/utils/gameUtils.js
  Line 28:18:  'emojiSet' is not defined  no-undef

Search for the keywords to learn more about each error.
WARNING in [eslint] 
src/components/MemoryGame/MemoryGame.js
  Line 4:8:    'AnimalInfoModal' is defined but never used                                                                        no-unused-vars
  Line 32:10:  'currentAnimalForModal' is assigned a value but never used                                                         no-unused-vars
  Line 50:6:   React Hook useEffect has a missing dependency: 'createConfetti'. Either include it or remove the dependency array  react-hooks/exhaustive-deps
  Line 159:9:  'handleCloseAnimalModal' is assigned a value but never used                                                        no-unused-vars

src/utils/gameUtils.js
  Line 1:10:  'getAnimalSet' is defined but never used  no-unused-vars

ERROR in [eslint] 
src/utils/gameUtils.js
  Line 28:18:  'emojiSet' is not defined  no-undef

Search for the keywords to learn more about each error.

webpack compiled with 1 error and 1 warning
Compiling...
Failed to compile.

[eslint] 
src/utils/gameUtils.js
  Line 28:18:  'emojiSet' is not defined  no-undef

Search for the keywords to learn more about each error.
WARNING in [eslint] 
src/components/MemoryGame/MemoryGame.js
  Line 4:8:    'AnimalInfoModal' is defined but never used                                                                        no-unused-vars
  Line 32:10:  'currentAnimalForModal' is assigned a value but never used                                                         no-unused-vars
  Line 50:6:   React Hook useEffect has a missing dependency: 'createConfetti'. Either include it or remove the dependency array  react-hooks/exhaustive-deps
  Line 159:9:  'handleCloseAnimalModal' is assigned a value but never used                                                        no-unused-vars

src/utils/gameUtils.js
  Line 1:10:  'getAnimalSet' is defined but never used  no-unused-vars

ERROR in [eslint] 
src/utils/gameUtils.js
  Line 28:18:  'emojiSet' is not defined  no-undef

Search for the keywords to learn more about each error.

webpack compiled with 1 error and 1 warning
Compiling...
Failed to compile.

[eslint] 
src/utils/gameUtils.js
  Line 28:18:  'emojiSet' is not defined  no-undef

Search for the keywords to learn more about each error.
WARNING in [eslint] 
src/components/MemoryGame/MemoryGame.js
  Line 4:8:    'AnimalInfoModal' is defined but never used                                                                        no-unused-vars
  Line 32:10:  'currentAnimalForModal' is assigned a value but never used                                                         no-unused-vars
  Line 50:6:   React Hook useEffect has a missing dependency: 'createConfetti'. Either include it or remove the dependency array  react-hooks/exhaustive-deps
  Line 159:9:  'handleCloseAnimalModal' is assigned a value but never used                                                        no-unused-vars

src/utils/gameUtils.js
  Line 1:10:  'getAnimalSet' is defined but never used  no-unused-vars

ERROR in [eslint] 
src/utils/gameUtils.js
  Line 28:18:  'emojiSet' is not defined  no-undef

Search for the keywords to learn more about each error.

webpack compiled with 1 error and 1 warning
Compiling...
Failed to compile.

[eslint] 
src/utils/gameUtils.js
  Line 28:18:  'emojiSet' is not defined  no-undef

Search for the keywords to learn more about each error.
WARNING in [eslint] 
src/components/MemoryGame/MemoryGame.js
  Line 4:8:    'AnimalInfoModal' is defined but never used                                                                        no-unused-vars
  Line 32:10:  'currentAnimalForModal' is assigned a value but never used                                                         no-unused-vars
  Line 50:6:   React Hook useEffect has a missing dependency: 'createConfetti'. Either include it or remove the dependency array  react-hooks/exhaustive-deps
  Line 159:9:  'handleCloseAnimalModal' is assigned a value but never used                                                        no-unused-vars

src/utils/gameUtils.js
  Line 1:10:  'getAnimalSet' is defined but never used  no-unused-vars

ERROR in [eslint] 
src/utils/gameUtils.js
  Line 28:18:  'emojiSet' is not defined  no-undef

Search for the keywords to learn more about each error.

webpack compiled with 1 error and 1 warning
Compiling...
Failed to compile.

[eslint] 
src/utils/gameUtils.js
  Line 28:18:  'emojiSet' is not defined  no-undef

Search for the keywords to learn more about each error.
WARNING in [eslint] 
src/components/MemoryGame/MemoryGame.js
  Line 4:8:    'AnimalInfoModal' is defined but never used                                                                        no-unused-vars
  Line 32:10:  'currentAnimalForModal' is assigned a value but never used                                                         no-unused-vars
  Line 50:6:   React Hook useEffect has a missing dependency: 'createConfetti'. Either include it or remove the dependency array  react-hooks/exhaustive-deps
  Line 159:9:  'handleCloseAnimalModal' is assigned a value but never used                                                        no-unused-vars

src/utils/gameUtils.js
  Line 1:10:  'getAnimalSet' is defined but never used  no-unused-vars

ERROR in [eslint] 
src/utils/gameUtils.js
  Line 28:18:  'emojiSet' is not defined  no-undef

Search for the keywords to learn more about each error.

webpack compiled with 1 error and 1 warning
Compiling...
Failed to compile.

[eslint] 
src/utils/gameUtils.js
  Line 28:18:  'emojiSet' is not defined  no-undef

Search for the keywords to learn more about each error.
WARNING in [eslint] 
src/components/MemoryGame/MemoryGame.js
  Line 4:8:    'AnimalInfoModal' is defined but never used                                                                        no-unused-vars
  Line 32:10:  'currentAnimalForModal' is assigned a value but never used                                                         no-unused-vars
  Line 50:6:   React Hook useEffect has a missing dependency: 'createConfetti'. Either include it or remove the dependency array  react-hooks/exhaustive-deps
  Line 159:9:  'handleCloseAnimalModal' is assigned a value but never used                                                        no-unused-vars

src/utils/gameUtils.js
  Line 1:10:  'getAnimalSet' is defined but never used  no-unused-vars

ERROR in [eslint] 
src/utils/gameUtils.js
  Line 28:18:  'emojiSet' is not defined  no-undef

Search for the keywords to learn more about each error.

webpack compiled with 1 error and 1 warning
Compiling...
Failed to compile.

[eslint] 
src/utils/gameUtils.js
  Line 28:18:  'emojiSet' is not defined  no-undef

Search for the keywords to learn more about each error.
WARNING in [eslint] 
src/components/MemoryGame/MemoryGame.js
  Line 4:8:    'AnimalInfoModal' is defined but never used                                                                        no-unused-vars
  Line 32:10:  'currentAnimalForModal' is assigned a value but never used                                                         no-unused-vars
  Line 50:6:   React Hook useEffect has a missing dependency: 'createConfetti'. Either include it or remove the dependency array  react-hooks/exhaustive-deps
  Line 159:9:  'handleCloseAnimalModal' is assigned a value but never used                                                        no-unused-vars

src/utils/gameUtils.js
  Line 1:10:  'getAnimalSet' is defined but never used  no-unused-vars

ERROR in [eslint] 
src/utils/gameUtils.js
  Line 28:18:  'emojiSet' is not defined  no-undef

Search for the keywords to learn more about each error.

webpack compiled with 1 error and 1 warning
Compiling...
Failed to compile.

[eslint] 
src/utils/gameUtils.js
  Line 28:18:  'emojiSet' is not defined  no-undef

Search for the keywords to learn more about each error.
WARNING in [eslint] 
src/components/MemoryGame/MemoryGame.js
  Line 4:8:    'AnimalInfoModal' is defined but never used                                                                        no-unused-vars
  Line 32:10:  'currentAnimalForModal' is assigned a value but never used                                                         no-unused-vars
  Line 50:6:   React Hook useEffect has a missing dependency: 'createConfetti'. Either include it or remove the dependency array  react-hooks/exhaustive-deps
  Line 159:9:  'handleCloseAnimalModal' is assigned a value but never used                                                        no-unused-vars

src/utils/gameUtils.js
  Line 1:10:  'getAnimalSet' is defined but never used  no-unused-vars

ERROR in [eslint] 
src/utils/gameUtils.js
  Line 28:18:  'emojiSet' is not defined  no-undef

Search for the keywords to learn more about each error.

webpack compiled with 1 error and 1 warning
Compiling...
Failed to compile.

[eslint] 
src/utils/gameUtils.js
  Line 28:18:  'emojiSet' is not defined  no-undef

Search for the keywords to learn more about each error.
WARNING in [eslint] 
src/components/MemoryGame/MemoryGame.js
  Line 4:8:    'AnimalInfoModal' is defined but never used                                                                        no-unused-vars
  Line 32:10:  'currentAnimalForModal' is assigned a value but never used                                                         no-unused-vars
  Line 50:6:   React Hook useEffect has a missing dependency: 'createConfetti'. Either include it or remove the dependency array  react-hooks/exhaustive-deps
  Line 159:9:  'handleCloseAnimalModal' is assigned a value but never used                                                        no-unused-vars

src/utils/gameUtils.js
  Line 1:10:  'getAnimalSet' is defined but never used  no-unused-vars

ERROR in [eslint] 
src/utils/gameUtils.js
  Line 28:18:  'emojiSet' is not defined  no-undef

Search for the keywords to learn more about each error.

webpack compiled with 1 error and 1 warning
Compiling...
